<?xml version="1.0" encoding="UTF-8"?>
<coverage generated="1688771195043" clover="3.2.0">
  <project timestamp="1688771195043" name="All files">
    <metrics statements="4" coveredstatements="4" conditionals="0" coveredconditionals="0" methods="0" coveredmethods="0" elements="4" coveredelements="4" complexity="0" loc="4" ncloc="4" packages="1" files="2" classes="2"/>
    <file name="rating-picker.component.html" path="C:\angular-workspace\my-workspace\projects\custom-form-controls\src\lib\rating-picker\rating-picker.component.html">
      <metrics statements="1" coveredstatements="1" conditionals="0" coveredconditionals="0" methods="0" coveredmethods="0"/>
      <line num="1" count="1" type="stmt"/>
    </file>
    <file name="rating-picker.component.ts" path="C:\angular-workspace\my-workspace\projects\custom-form-controls\src\lib\rating-picker\rating-picker.component.ts">
      <metrics statements="3" coveredstatements="3" conditionals="0" coveredconditionals="0" methods="0" coveredmethods="0"/>
      <line num="1" count="1" type="stmt"/>
      <line num="2" count="1" type="stmt"/>
      <line num="15" count="1" type="stmt"/>
    </file>
  </project>
</coverage>
