{"C:\\angular-workspace\\my-workspace\\projects\\custom-form-controls\\src\\lib\\rating-picker\\rating-picker.component.html": {"path":"C:\\angular-workspace\\my-workspace\\projects\\custom-form-controls\\src\\lib\\rating-picker\\rating-picker.component.html","statementMap":{"0":{"start":{"line":1,"column":0},"end":{"line":1,"column":51}}},"fnMap":{},"branchMap":{},"s":{"0":1},"f":{},"b":{},"_coverageSchema":"1a1c01bbd47fc00a2c39e90264f33305004495a9","hash":"f443549a7721f2ea07a42093234a01b0edd1211d"}
,"C:\\angular-workspace\\my-workspace\\projects\\custom-form-controls\\src\\lib\\rating-picker\\rating-picker.component.ts": {"path":"C:\\angular-workspace\\my-workspace\\projects\\custom-form-controls\\src\\lib\\rating-picker\\rating-picker.component.ts","statementMap":{"0":{"start":{"line":1,"column":0},"end":{"line":1,"column":47}},"1":{"start":{"line":2,"column":0},"end":{"line":2,"column":67}},"2":{"start":{"line":15,"column":34},"end":{"line":15,"column":null}},"3":{"start":{"line":15,"column":13},"end":{"line":15,"column":null}}},"fnMap":{},"branchMap":{},"s":{"0":1,"1":1,"2":1,"3":1},"f":{},"b":{}}
}
